\BOOKMARK [1][-]{section.1}{Introduction}{}% 1
\BOOKMARK [1][-]{section.2}{Preprocessing Taxi Data Inputs}{}% 2
\BOOKMARK [1][-]{section.3}{Investigating Question 1: Driver Productivity Differences}{}% 3
\BOOKMARK [2][-]{subsection.3.1}{Experimental Setup}{section.3}% 4
\BOOKMARK [2][-]{subsection.3.2}{Results}{section.3}% 5
\BOOKMARK [1][-]{section.4}{Investigating Question 2: Fare Sensitivities}{}% 6
\BOOKMARK [2][-]{subsection.4.1}{Experimental Setup}{section.4}% 7
\BOOKMARK [2][-]{subsection.4.2}{Results}{section.4}% 8
\BOOKMARK [1][-]{section.5}{Investigating Question 3: Driver Performance v Fare Sensitivities}{}% 9
\BOOKMARK [1][-]{section.6}{Investigating Question 4: Previous Earnings v Behavior}{}% 10
\BOOKMARK [2][-]{subsection.6.1}{Experimental Setup}{section.6}% 11
\BOOKMARK [2][-]{subsection.6.2}{Results}{section.6}% 12
\BOOKMARK [1][-]{section.7}{Investigating Question 5: Average Tip Percentage vs Income}{}% 13
\BOOKMARK [1][-]{section.8}{Investigating Question 6: Aggregate Trends in Tipping and Driver Behavior}{}% 14
\BOOKMARK [2][-]{subsection.8.1}{Experimental Setup}{section.8}% 15
\BOOKMARK [2][-]{subsection.8.2}{Results}{section.8}% 16
\BOOKMARK [1][-]{section.9}{Concluding Remarks}{}% 17
\BOOKMARK [1][-]{section.10}{Appendices}{}% 18
\BOOKMARK [2][-]{subsection.10.1}{Running the Code}{section.10}% 19
\BOOKMARK [2][-]{subsection.10.2}{Individual Contributions}{section.10}% 20
